<?xml version="1.0"?>
<testsuite failures="0" time="28.74" errors="0" skipped="0" tests="4" name="hybrid engine"><properties><property name="descriptor" value="hybrid_engine_test.json"/></properties><testcase time="0.00" classname="NodeJS.mocha" name="Mocha Test Results::#get page title::should get a correct title"/><testcase time="0.00" classname="NodeJS.jasmine" name="Jasmine Test Results::get page title::should pass"/><testcase time="NaN" classname="NodeJS.qunit" name="QUnit Test Results::undefined::#test get title"/><testcase time="0.00" classname="Chrome 26.0.1410.yui" name="YUI title test::testCase1365502772581::test title"/></testsuite>